# JRE version: OpenJDK Runtime Environment Temurin-17.0.10+7 (17.0.10+7) (build 17.0.10+7)
# Java VM: OpenJDK 64-Bit Server VM Temurin-17.0.10+7 (17.0.10+7, mixed mode, tiered, compressed oops, compressed class ptrs, parallel gc, windows-amd64)
GC Precious Log:
 CPUs: 8 total, 8 available
 Memory: 16383M
 Large Page Support: Disabled
 NUMA Support: Disabled
 Compressed Oops: Enabled (32-bit)
 Alignments: Space 512K, Generation 512K, Heap 2M
 Heap Min Capacity: 100M
 Heap Initial Capacity: 100M
 Heap Max Capacity: 1G
 Pre-touch: Disabled
 Parallel Workers: 8
Heap:
 PSYoungGen      total 30208K, used 25483K [0x00000000eab00000, 0x00000000ece00000, 0x0000000100000000)
  eden space 26624K, 82% used [0x00000000eab00000,0x00000000ec0667b0,0x00000000ec500000)
  from space 3584K, 99% used [0x00000000ec700000,0x00000000eca7c718,0x00000000eca80000)
  to   space 3584K, 0% used [0x00000000eca80000,0x00000000eca80000,0x00000000ece00000)
 ParOldGen       total 128000K, used 113877K [0x00000000c0000000, 0x00000000c7d00000, 0x00000000eab00000)
  object space 128000K, 88% used [0x00000000c0000000,0x00000000c6f35410,0x00000000c7d00000)
 Metaspace       used 91406K, committed 92736K, reserved 1179648K
  class space    used 9546K, committed 10176K, reserved 1048576K
GC Heap History (20 events):
Event: 1322.883 GC heap before
{Heap before GC invocations=2131 (full 46):
 PSYoungGen      total 24064K, used 22238K [0x00000000eab00000, 0x00000000ec800000, 0x0000000100000000)
  eden space 21504K, 91% used [0x00000000eab00000,0x00000000ebe41c28,0x00000000ec000000)
  from space 2560K, 98% used [0x00000000ec000000,0x00000000ec275f40,0x00000000ec280000)
  to   space 3072K, 0% used [0x00000000ec500000,0x00000000ec500000,0x00000000ec800000)
 ParOldGen       total 128000K, used 108664K [0x00000000c0000000, 0x00000000c7d00000, 0x00000000eab00000)
  object space 128000K, 84% used [0x00000000c0000000,0x00000000c6a1e048,0x00000000c7d00000)
 Metaspace       used 91338K, committed 92672K, reserved 1179648K
  class space    used 9546K, committed 10176K, reserved 1048576K
}
Event: 1322.885 GC heap after
{Heap after GC invocations=2131 (full 46):
 PSYoungGen      total 25088K, used 1088K [0x00000000eab00000, 0x00000000ec680000, 0x0000000100000000)
  eden space 23552K, 0% used [0x00000000eab00000,0x00000000eab00000,0x00000000ec200000)
  from space 1536K, 70% used [0x00000000ec500000,0x00000000ec610000,0x00000000ec680000)
  to   space 2048K, 0% used [0x00000000ec280000,0x00000000ec280000,0x00000000ec480000)
 ParOldGen       total 128000K, used 108664K [0x00000000c0000000, 0x00000000c7d00000, 0x00000000eab00000)
  object space 128000K, 84% used [0x00000000c0000000,0x00000000c6a1e048,0x00000000c7d00000)
 Metaspace       used 91338K, committed 92672K, reserved 1179648K
  class space    used 9546K, committed 10176K, reserved 1048576K
}
Event: 1322.933 GC heap before
{Heap before GC invocations=2132 (full 46):
 PSYoungGen      total 25088K, used 24579K [0x00000000eab00000, 0x00000000ec680000, 0x0000000100000000)
  eden space 23552K, 99% used [0x00000000eab00000,0x00000000ec1f0ff8,0x00000000ec200000)
  from space 1536K, 70% used [0x00000000ec500000,0x00000000ec610000,0x00000000ec680000)
  to   space 2048K, 0% used [0x00000000ec280000,0x00000000ec280000,0x00000000ec480000)
 ParOldGen       total 128000K, used 108664K [0x00000000c0000000, 0x00000000c7d00000, 0x00000000eab00000)
  object space 128000K, 84% used [0x00000000c0000000,0x00000000c6a1e048,0x00000000c7d00000)
 Metaspace       used 91338K, committed 92672K, reserved 1179648K
  class space    used 9546K, committed 10176K, reserved 1048576K
}
Event: 1322.940 GC heap after
{Heap after GC invocations=2132 (full 46):
 PSYoungGen      total 26112K, used 1172K [0x00000000eab00000, 0x00000000ec700000, 0x0000000100000000)
  eden space 24064K, 0% used [0x00000000eab00000,0x00000000eab00000,0x00000000ec280000)
  from space 2048K, 57% used [0x00000000ec280000,0x00000000ec3a5040,0x00000000ec480000)
  to   space 1536K, 0% used [0x00000000ec580000,0x00000000ec580000,0x00000000ec700000)
 ParOldGen       total 128000K, used 108664K [0x00000000c0000000, 0x00000000c7d00000, 0x00000000eab00000)
  object space 128000K, 84% used [0x00000000c0000000,0x00000000c6a1e048,0x00000000c7d00000)
 Metaspace       used 91338K, committed 92672K, reserved 1179648K
  class space    used 9546K, committed 10176K, reserved 1048576K
}
Event: 1322.983 GC heap before
{Heap before GC invocations=2133 (full 46):
 PSYoungGen      total 26112K, used 23785K [0x00000000eab00000, 0x00000000ec700000, 0x0000000100000000)
  eden space 24064K, 93% used [0x00000000eab00000,0x00000000ec115558,0x00000000ec280000)
  from space 2048K, 57% used [0x00000000ec280000,0x00000000ec3a5040,0x00000000ec480000)
  to   space 1536K, 0% used [0x00000000ec580000,0x00000000ec580000,0x00000000ec700000)
 ParOldGen       total 128000K, used 108664K [0x00000000c0000000, 0x00000000c7d00000, 0x00000000eab00000)
  object space 128000K, 84% used [0x00000000c0000000,0x00000000c6a1e048,0x00000000c7d00000)
 Metaspace       used 91338K, committed 92672K, reserved 1179648K
  class space    used 9546K, committed 10176K, reserved 1048576K
}
Event: 1322.984 GC heap after
{Heap after GC invocations=2133 (full 46):
 PSYoungGen      total 27136K, used 1236K [0x00000000eab00000, 0x00000000ec780000, 0x0000000100000000)
  eden space 25600K, 0% used [0x00000000eab00000,0x00000000eab00000,0x00000000ec400000)
  from space 1536K, 80% used [0x00000000ec580000,0x00000000ec6b5040,0x00000000ec700000)
  to   space 1536K, 0% used [0x00000000ec400000,0x00000000ec400000,0x00000000ec580000)
 ParOldGen       total 128000K, used 108664K [0x00000000c0000000, 0x00000000c7d00000, 0x00000000eab00000)
  object space 128000K, 84% used [0x00000000c0000000,0x00000000c6a1e048,0x00000000c7d00000)
 Metaspace       used 91338K, committed 92672K, reserved 1179648K
  class space    used 9546K, committed 10176K, reserved 1048576K
}
Event: 1323.030 GC heap before
{Heap before GC invocations=2134 (full 46):
 PSYoungGen      total 27136K, used 24582K [0x00000000eab00000, 0x00000000ec780000, 0x0000000100000000)
  eden space 25600K, 91% used [0x00000000eab00000,0x00000000ec1cca28,0x00000000ec400000)
  from space 1536K, 80% used [0x00000000ec580000,0x00000000ec6b5040,0x00000000ec700000)
  to   space 1536K, 0% used [0x00000000ec400000,0x00000000ec400000,0x00000000ec580000)
 ParOldGen       total 128000K, used 108664K [0x00000000c0000000, 0x00000000c7d00000, 0x00000000eab00000)
  object space 128000K, 84% used [0x00000000c0000000,0x00000000c6a1e048,0x00000000c7d00000)
 Metaspace       used 91344K, committed 92672K, reserved 1179648K
  class space    used 9546K, committed 10176K, reserved 1048576K
}
Event: 1323.031 GC heap after
{Heap after GC invocations=2134 (full 46):
 PSYoungGen      total 27136K, used 1268K [0x00000000eab00000, 0x00000000ec900000, 0x0000000100000000)
  eden space 25600K, 0% used [0x00000000eab00000,0x00000000eab00000,0x00000000ec400000)
  from space 1536K, 82% used [0x00000000ec400000,0x00000000ec53d040,0x00000000ec580000)
  to   space 1536K, 0% used [0x00000000ec780000,0x00000000ec780000,0x00000000ec900000)
 ParOldGen       total 128000K, used 108664K [0x00000000c0000000, 0x00000000c7d00000, 0x00000000eab00000)
  object space 128000K, 84% used [0x00000000c0000000,0x00000000c6a1e048,0x00000000c7d00000)
 Metaspace       used 91344K, committed 92672K, reserved 1179648K
  class space    used 9546K, committed 10176K, reserved 1048576K
}
Event: 1323.082 GC heap before
{Heap before GC invocations=2135 (full 46):
 PSYoungGen      total 27136K, used 24689K [0x00000000eab00000, 0x00000000ec900000, 0x0000000100000000)
  eden space 25600K, 91% used [0x00000000eab00000,0x00000000ec1df4e8,0x00000000ec400000)
  from space 1536K, 82% used [0x00000000ec400000,0x00000000ec53d040,0x00000000ec580000)
  to   space 1536K, 0% used [0x00000000ec780000,0x00000000ec780000,0x00000000ec900000)
 ParOldGen       total 128000K, used 108664K [0x00000000c0000000, 0x00000000c7d00000, 0x00000000eab00000)
  object space 128000K, 84% used [0x00000000c0000000,0x00000000c6a1e048,0x00000000c7d00000)
 Metaspace       used 91355K, committed 92736K, reserved 1179648K
  class space    used 9546K, committed 10176K, reserved 1048576K
}
Event: 1323.085 GC heap after
{Heap after GC invocations=2135 (full 46):
 PSYoungGen      total 28160K, used 1531K [0x00000000eab00000, 0x00000000ecb00000, 0x0000000100000000)
  eden space 26624K, 0% used [0x00000000eab00000,0x00000000eab00000,0x00000000ec500000)
  from space 1536K, 99% used [0x00000000ec780000,0x00000000ec8fef58,0x00000000ec900000)
  to   space 2560K, 0% used [0x00000000ec500000,0x00000000ec500000,0x00000000ec780000)
 ParOldGen       total 128000K, used 109068K [0x00000000c0000000, 0x00000000c7d00000, 0x00000000eab00000)
  object space 128000K, 85% used [0x00000000c0000000,0x00000000c6a832f0,0x00000000c7d00000)
 Metaspace       used 91355K, committed 92736K, reserved 1179648K
  class space    used 9546K, committed 10176K, reserved 1048576K
}
Event: 1323.128 GC heap before
{Heap before GC invocations=2136 (full 46):
 PSYoungGen      total 28160K, used 26396K [0x00000000eab00000, 0x00000000ecb00000, 0x0000000100000000)
  eden space 26624K, 93% used [0x00000000eab00000,0x00000000ec348178,0x00000000ec500000)
  from space 1536K, 99% used [0x00000000ec780000,0x00000000ec8fef58,0x00000000ec900000)
  to   space 2560K, 0% used [0x00000000ec500000,0x00000000ec500000,0x00000000ec780000)
 ParOldGen       total 128000K, used 109068K [0x00000000c0000000, 0x00000000c7d00000, 0x00000000eab00000)
  object space 128000K, 85% used [0x00000000c0000000,0x00000000c6a832f0,0x00000000c7d00000)
 Metaspace       used 91358K, committed 92736K, reserved 1179648K
  class space    used 9546K, committed 10176K, reserved 1048576K
}
Event: 1323.135 GC heap after
{Heap after GC invocations=2136 (full 46):
 PSYoungGen      total 29184K, used 1663K [0x00000000eab00000, 0x00000000ecb80000, 0x0000000100000000)
  eden space 26624K, 0% used [0x00000000eab00000,0x00000000eab00000,0x00000000ec500000)
  from space 2560K, 64% used [0x00000000ec500000,0x00000000ec69ff28,0x00000000ec780000)
  to   space 2048K, 0% used [0x00000000ec980000,0x00000000ec980000,0x00000000ecb80000)
 ParOldGen       total 128000K, used 109844K [0x00000000c0000000, 0x00000000c7d00000, 0x00000000eab00000)
  object space 128000K, 85% used [0x00000000c0000000,0x00000000c6b45170,0x00000000c7d00000)
 Metaspace       used 91358K, committed 92736K, reserved 1179648K
  class space    used 9546K, committed 10176K, reserved 1048576K
}
Event: 1323.179 GC heap before
{Heap before GC invocations=2137 (full 46):
 PSYoungGen      total 29184K, used 27446K [0x00000000eab00000, 0x00000000ecb80000, 0x0000000100000000)
  eden space 26624K, 96% used [0x00000000eab00000,0x00000000ec42db88,0x00000000ec500000)
  from space 2560K, 64% used [0x00000000ec500000,0x00000000ec69ff28,0x00000000ec780000)
  to   space 2048K, 0% used [0x00000000ec980000,0x00000000ec980000,0x00000000ecb80000)
 ParOldGen       total 128000K, used 109844K [0x00000000c0000000, 0x00000000c7d00000, 0x00000000eab00000)
  object space 128000K, 85% used [0x00000000c0000000,0x00000000c6b45170,0x00000000c7d00000)
 Metaspace       used 91391K, committed 92736K, reserved 1179648K
  class space    used 9546K, committed 10176K, reserved 1048576K
}
Event: 1323.183 GC heap after
{Heap after GC invocations=2137 (full 46):
 PSYoungGen      total 29696K, used 2046K [0x00000000eab00000, 0x00000000ece80000, 0x0000000100000000)
  eden space 27648K, 0% used [0x00000000eab00000,0x00000000eab00000,0x00000000ec600000)
  from space 2048K, 99% used [0x00000000ec980000,0x00000000ecb7fb08,0x00000000ecb80000)
  to   space 3584K, 0% used [0x00000000ec600000,0x00000000ec600000,0x00000000ec980000)
 ParOldGen       total 128000K, used 110928K [0x00000000c0000000, 0x00000000c7d00000, 0x00000000eab00000)
  object space 128000K, 86% used [0x00000000c0000000,0x00000000c6c54298,0x00000000c7d00000)
 Metaspace       used 91391K, committed 92736K, reserved 1179648K
  class space    used 9546K, committed 10176K, reserved 1048576K
}
Event: 1323.239 GC heap before
{Heap before GC invocations=2138 (full 46):
 PSYoungGen      total 29696K, used 29694K [0x00000000eab00000, 0x00000000ece80000, 0x0000000100000000)
  eden space 27648K, 100% used [0x00000000eab00000,0x00000000ec600000,0x00000000ec600000)
  from space 2048K, 99% used [0x00000000ec980000,0x00000000ecb7fb08,0x00000000ecb80000)
  to   space 3584K, 0% used [0x00000000ec600000,0x00000000ec600000,0x00000000ec980000)
 ParOldGen       total 128000K, used 110928K [0x00000000c0000000, 0x00000000c7d00000, 0x00000000eab00000)
  object space 128000K, 86% used [0x00000000c0000000,0x00000000c6c54298,0x00000000c7d00000)
 Metaspace       used 91391K, committed 92736K, reserved 1179648K
  class space    used 9546K, committed 10176K, reserved 1048576K
}
Event: 1323.242 GC heap after
{Heap after GC invocations=2138 (full 46):
 PSYoungGen      total 31232K, used 2664K [0x00000000eab00000, 0x00000000ece00000, 0x0000000100000000)
  eden space 27648K, 0% used [0x00000000eab00000,0x00000000eab00000,0x00000000ec600000)
  from space 3584K, 74% used [0x00000000ec600000,0x00000000ec89a1e0,0x00000000ec980000)
  to   space 3072K, 0% used [0x00000000ecb00000,0x00000000ecb00000,0x00000000ece00000)
 ParOldGen       total 128000K, used 113377K [0x00000000c0000000, 0x00000000c7d00000, 0x00000000eab00000)
  object space 128000K, 88% used [0x00000000c0000000,0x00000000c6eb86e8,0x00000000c7d00000)
 Metaspace       used 91391K, committed 92736K, reserved 1179648K
  class space    used 9546K, committed 10176K, reserved 1048576K
}
Event: 1324.217 GC heap before
{Heap before GC invocations=2139 (full 46):
 PSYoungGen      total 31232K, used 30312K [0x00000000eab00000, 0x00000000ece00000, 0x0000000100000000)
  eden space 27648K, 100% used [0x00000000eab00000,0x00000000ec600000,0x00000000ec600000)
  from space 3584K, 74% used [0x00000000ec600000,0x00000000ec89a1e0,0x00000000ec980000)
  to   space 3072K, 0% used [0x00000000ecb00000,0x00000000ecb00000,0x00000000ece00000)
 ParOldGen       total 128000K, used 113377K [0x00000000c0000000, 0x00000000c7d00000, 0x00000000eab00000)
  object space 128000K, 88% used [0x00000000c0000000,0x00000000c6eb86e8,0x00000000c7d00000)
 Metaspace       used 91396K, committed 92736K, reserved 1179648K
  class space    used 9546K, committed 10176K, reserved 1048576K
}
Event: 1324.220 GC heap after
{Heap after GC invocations=2139 (full 46):
 PSYoungGen      total 30208K, used 3049K [0x00000000eab00000, 0x00000000ece00000, 0x0000000100000000)
  eden space 27136K, 0% used [0x00000000eab00000,0x00000000eab00000,0x00000000ec580000)
  from space 3072K, 99% used [0x00000000ecb00000,0x00000000ecdfa770,0x00000000ece00000)
  to   space 3584K, 0% used [0x00000000ec700000,0x00000000ec700000,0x00000000eca80000)
 ParOldGen       total 128000K, used 113449K [0x00000000c0000000, 0x00000000c7d00000, 0x00000000eab00000)
  object space 128000K, 88% used [0x00000000c0000000,0x00000000c6eca6e8,0x00000000c7d00000)
 Metaspace       used 91396K, committed 92736K, reserved 1179648K
  class space    used 9546K, committed 10176K, reserved 1048576K
}
Event: 1325.492 GC heap before
{Heap before GC invocations=2140 (full 46):
 PSYoungGen      total 30208K, used 30176K [0x00000000eab00000, 0x00000000ece00000, 0x0000000100000000)
  eden space 27136K, 99% used [0x00000000eab00000,0x00000000ec57db80,0x00000000ec580000)
  from space 3072K, 99% used [0x00000000ecb00000,0x00000000ecdfa770,0x00000000ece00000)
  to   space 3584K, 0% used [0x00000000ec700000,0x00000000ec700000,0x00000000eca80000)
 ParOldGen       total 128000K, used 113449K [0x00000000c0000000, 0x00000000c7d00000, 0x00000000eab00000)
  object space 128000K, 88% used [0x00000000c0000000,0x00000000c6eca6e8,0x00000000c7d00000)
 Metaspace       used 91401K, committed 92736K, reserved 1179648K
  class space    used 9546K, committed 10176K, reserved 1048576K
}
Event: 1325.498 GC heap after
{Heap after GC invocations=2140 (full 46):
 PSYoungGen      total 30208K, used 3569K [0x00000000eab00000, 0x00000000ece00000, 0x0000000100000000)
  eden space 26624K, 0% used [0x00000000eab00000,0x00000000eab00000,0x00000000ec500000)
  from space 3584K, 99% used [0x00000000ec700000,0x00000000eca7c718,0x00000000eca80000)
  to   space 3584K, 0% used [0x00000000eca80000,0x00000000eca80000,0x00000000ece00000)
 ParOldGen       total 128000K, used 113877K [0x00000000c0000000, 0x00000000c7d00000, 0x00000000eab00000)
  object space 128000K, 88% used [0x00000000c0000000,0x00000000c6f35410,0x00000000c7d00000)
 Metaspace       used 91401K, committed 92736K, reserved 1179648K
  class space    used 9546K, committed 10176K, reserved 1048576K
}

