# JRE version: OpenJDK Runtime Environment Temurin-17.0.10+7 (17.0.10+7) (build 17.0.10+7)
# Java VM: OpenJDK 64-Bit Server VM Temurin-17.0.10+7 (17.0.10+7, mixed mode, tiered, compressed oops, compressed class ptrs, parallel gc, windows-amd64)
GC Precious Log:
 CPUs: 8 total, 8 available
 Memory: 16383M
 Large Page Support: Disabled
 NUMA Support: Disabled
 Compressed Oops: Enabled (32-bit)
 Alignments: Space 512K, Generation 512K, Heap 2M
 Heap Min Capacity: 100M
 Heap Initial Capacity: 100M
 Heap Max Capacity: 1G
 Pre-touch: Disabled
 Parallel Workers: 8
Heap:
 PSYoungGen      total 23552K, used 15820K [0x00000000eab00000, 0x00000000ec580000, 0x0000000100000000)
  eden space 22016K, 66% used [0x00000000eab00000,0x00000000eb93b098,0x00000000ec080000)
  from space 1536K, 81% used [0x00000000ec400000,0x00000000ec538000,0x00000000ec580000)
  to   space 1536K, 0% used [0x00000000ec280000,0x00000000ec280000,0x00000000ec400000)
 ParOldGen       total 68608K, used 19929K [0x00000000c0000000, 0x00000000c4300000, 0x00000000eab00000)
  object space 68608K, 29% used [0x00000000c0000000,0x00000000c13764c0,0x00000000c4300000)
 Metaspace       used 50110K, committed 51008K, reserved 1114112K
  class space    used 5416K, committed 5760K, reserved 1048576K
GC Heap History (20 events):
Event: 3.663 GC heap before
{Heap before GC invocations=9 (full 1):
 PSYoungGen      total 27136K, used 27115K [0x00000000eab00000, 0x00000000ec980000, 0x0000000100000000)
  eden space 24576K, 100% used [0x00000000eab00000,0x00000000ec300000,0x00000000ec300000)
  from space 2560K, 99% used [0x00000000ec580000,0x00000000ec7fad98,0x00000000ec800000)
  to   space 1536K, 0% used [0x00000000ec800000,0x00000000ec800000,0x00000000ec980000)
 ParOldGen       total 68608K, used 10660K [0x00000000c0000000, 0x00000000c4300000, 0x00000000eab00000)
  object space 68608K, 15% used [0x00000000c0000000,0x00000000c0a691c8,0x00000000c4300000)
 Metaspace       used 30005K, committed 30592K, reserved 1114112K
  class space    used 2982K, committed 3200K, reserved 1048576K
}
Event: 3.666 GC heap after
{Heap after GC invocations=9 (full 1):
 PSYoungGen      total 25600K, used 1511K [0x00000000eab00000, 0x00000000ec980000, 0x0000000100000000)
  eden space 24064K, 0% used [0x00000000eab00000,0x00000000eab00000,0x00000000ec280000)
  from space 1536K, 98% used [0x00000000ec800000,0x00000000ec979d10,0x00000000ec980000)
  to   space 3072K, 0% used [0x00000000ec380000,0x00000000ec380000,0x00000000ec680000)
 ParOldGen       total 68608K, used 11931K [0x00000000c0000000, 0x00000000c4300000, 0x00000000eab00000)
  object space 68608K, 17% used [0x00000000c0000000,0x00000000c0ba6c28,0x00000000c4300000)
 Metaspace       used 30005K, committed 30592K, reserved 1114112K
  class space    used 2982K, committed 3200K, reserved 1048576K
}
Event: 3.770 GC heap before
{Heap before GC invocations=10 (full 1):
 PSYoungGen      total 25600K, used 25575K [0x00000000eab00000, 0x00000000ec980000, 0x0000000100000000)
  eden space 24064K, 100% used [0x00000000eab00000,0x00000000ec280000,0x00000000ec280000)
  from space 1536K, 98% used [0x00000000ec800000,0x00000000ec979d10,0x00000000ec980000)
  to   space 3072K, 0% used [0x00000000ec380000,0x00000000ec380000,0x00000000ec680000)
 ParOldGen       total 68608K, used 11931K [0x00000000c0000000, 0x00000000c4300000, 0x00000000eab00000)
  object space 68608K, 17% used [0x00000000c0000000,0x00000000c0ba6c28,0x00000000c4300000)
 Metaspace       used 32050K, committed 32704K, reserved 1114112K
  class space    used 3129K, committed 3392K, reserved 1048576K
}
Event: 3.772 GC heap after
{Heap after GC invocations=10 (full 1):
 PSYoungGen      total 26624K, used 2771K [0x00000000eab00000, 0x00000000ec880000, 0x0000000100000000)
  eden space 23552K, 0% used [0x00000000eab00000,0x00000000eab00000,0x00000000ec200000)
  from space 3072K, 90% used [0x00000000ec380000,0x00000000ec634dd8,0x00000000ec680000)
  to   space 2048K, 0% used [0x00000000ec680000,0x00000000ec680000,0x00000000ec880000)
 ParOldGen       total 68608K, used 12708K [0x00000000c0000000, 0x00000000c4300000, 0x00000000eab00000)
  object space 68608K, 18% used [0x00000000c0000000,0x00000000c0c69270,0x00000000c4300000)
 Metaspace       used 32050K, committed 32704K, reserved 1114112K
  class space    used 3129K, committed 3392K, reserved 1048576K
}
Event: 4.281 GC heap before
{Heap before GC invocations=11 (full 1):
 PSYoungGen      total 26624K, used 24672K [0x00000000eab00000, 0x00000000ec880000, 0x0000000100000000)
  eden space 23552K, 92% used [0x00000000eab00000,0x00000000ec0634a0,0x00000000ec200000)
  from space 3072K, 90% used [0x00000000ec380000,0x00000000ec634dd8,0x00000000ec680000)
  to   space 2048K, 0% used [0x00000000ec680000,0x00000000ec680000,0x00000000ec880000)
 ParOldGen       total 68608K, used 12708K [0x00000000c0000000, 0x00000000c4300000, 0x00000000eab00000)
  object space 68608K, 18% used [0x00000000c0000000,0x00000000c0c69270,0x00000000c4300000)
 Metaspace       used 35187K, committed 35840K, reserved 1114112K
  class space    used 3465K, committed 3776K, reserved 1048576K
}
Event: 4.285 GC heap after
{Heap after GC invocations=11 (full 1):
 PSYoungGen      total 25088K, used 1513K [0x00000000eab00000, 0x00000000ec800000, 0x0000000100000000)
  eden space 23552K, 0% used [0x00000000eab00000,0x00000000eab00000,0x00000000ec200000)
  from space 1536K, 98% used [0x00000000ec680000,0x00000000ec7fa798,0x00000000ec800000)
  to   space 2048K, 0% used [0x00000000ec400000,0x00000000ec400000,0x00000000ec600000)
 ParOldGen       total 68608K, used 15044K [0x00000000c0000000, 0x00000000c4300000, 0x00000000eab00000)
  object space 68608K, 21% used [0x00000000c0000000,0x00000000c0eb1380,0x00000000c4300000)
 Metaspace       used 35187K, committed 35840K, reserved 1114112K
  class space    used 3465K, committed 3776K, reserved 1048576K
}
Event: 4.285 GC heap before
{Heap before GC invocations=12 (full 2):
 PSYoungGen      total 25088K, used 1513K [0x00000000eab00000, 0x00000000ec800000, 0x0000000100000000)
  eden space 23552K, 0% used [0x00000000eab00000,0x00000000eab00000,0x00000000ec200000)
  from space 1536K, 98% used [0x00000000ec680000,0x00000000ec7fa798,0x00000000ec800000)
  to   space 2048K, 0% used [0x00000000ec400000,0x00000000ec400000,0x00000000ec600000)
 ParOldGen       total 68608K, used 15044K [0x00000000c0000000, 0x00000000c4300000, 0x00000000eab00000)
  object space 68608K, 21% used [0x00000000c0000000,0x00000000c0eb1380,0x00000000c4300000)
 Metaspace       used 35187K, committed 35840K, reserved 1114112K
  class space    used 3465K, committed 3776K, reserved 1048576K
}
Event: 4.310 GC heap after
{Heap after GC invocations=12 (full 2):
 PSYoungGen      total 25088K, used 0K [0x00000000eab00000, 0x00000000ec800000, 0x0000000100000000)
  eden space 23552K, 0% used [0x00000000eab00000,0x00000000eab00000,0x00000000ec200000)
  from space 1536K, 0% used [0x00000000ec680000,0x00000000ec680000,0x00000000ec800000)
  to   space 2048K, 0% used [0x00000000ec400000,0x00000000ec400000,0x00000000ec600000)
 ParOldGen       total 68608K, used 14948K [0x00000000c0000000, 0x00000000c4300000, 0x00000000eab00000)
  object space 68608K, 21% used [0x00000000c0000000,0x00000000c0e99070,0x00000000c4300000)
 Metaspace       used 35187K, committed 35840K, reserved 1114112K
  class space    used 3465K, committed 3776K, reserved 1048576K
}
Event: 4.622 GC heap before
{Heap before GC invocations=13 (full 2):
 PSYoungGen      total 25088K, used 23552K [0x00000000eab00000, 0x00000000ec800000, 0x0000000100000000)
  eden space 23552K, 100% used [0x00000000eab00000,0x00000000ec200000,0x00000000ec200000)
  from space 1536K, 0% used [0x00000000ec680000,0x00000000ec680000,0x00000000ec800000)
  to   space 2048K, 0% used [0x00000000ec400000,0x00000000ec400000,0x00000000ec600000)
 ParOldGen       total 68608K, used 14948K [0x00000000c0000000, 0x00000000c4300000, 0x00000000eab00000)
  object space 68608K, 21% used [0x00000000c0000000,0x00000000c0e99070,0x00000000c4300000)
 Metaspace       used 38485K, committed 39360K, reserved 1114112K
  class space    used 3883K, committed 4288K, reserved 1048576K
}
Event: 4.624 GC heap after
{Heap after GC invocations=13 (full 2):
 PSYoungGen      total 24576K, used 1193K [0x00000000eab00000, 0x00000000ec700000, 0x0000000100000000)
  eden space 23040K, 0% used [0x00000000eab00000,0x00000000eab00000,0x00000000ec180000)
  from space 1536K, 77% used [0x00000000ec400000,0x00000000ec52a628,0x00000000ec580000)
  to   space 1536K, 0% used [0x00000000ec580000,0x00000000ec580000,0x00000000ec700000)
 ParOldGen       total 68608K, used 14956K [0x00000000c0000000, 0x00000000c4300000, 0x00000000eab00000)
  object space 68608K, 21% used [0x00000000c0000000,0x00000000c0e9b070,0x00000000c4300000)
 Metaspace       used 38485K, committed 39360K, reserved 1114112K
  class space    used 3883K, committed 4288K, reserved 1048576K
}
Event: 4.796 GC heap before
{Heap before GC invocations=14 (full 2):
 PSYoungGen      total 24576K, used 24233K [0x00000000eab00000, 0x00000000ec700000, 0x0000000100000000)
  eden space 23040K, 100% used [0x00000000eab00000,0x00000000ec180000,0x00000000ec180000)
  from space 1536K, 77% used [0x00000000ec400000,0x00000000ec52a628,0x00000000ec580000)
  to   space 1536K, 0% used [0x00000000ec580000,0x00000000ec580000,0x00000000ec700000)
 ParOldGen       total 68608K, used 14956K [0x00000000c0000000, 0x00000000c4300000, 0x00000000eab00000)
  object space 68608K, 21% used [0x00000000c0000000,0x00000000c0e9b070,0x00000000c4300000)
 Metaspace       used 41357K, committed 42240K, reserved 1114112K
  class space    used 4282K, committed 4608K, reserved 1048576K
}
Event: 4.798 GC heap after
{Heap after GC invocations=14 (full 2):
 PSYoungGen      total 23552K, used 912K [0x00000000eab00000, 0x00000000ec680000, 0x0000000100000000)
  eden space 22528K, 0% used [0x00000000eab00000,0x00000000eab00000,0x00000000ec100000)
  from space 1024K, 89% used [0x00000000ec580000,0x00000000ec664010,0x00000000ec680000)
  to   space 1536K, 0% used [0x00000000ec380000,0x00000000ec380000,0x00000000ec500000)
 ParOldGen       total 68608K, used 16015K [0x00000000c0000000, 0x00000000c4300000, 0x00000000eab00000)
  object space 68608K, 23% used [0x00000000c0000000,0x00000000c0fa3da8,0x00000000c4300000)
 Metaspace       used 41357K, committed 42240K, reserved 1114112K
  class space    used 4282K, committed 4608K, reserved 1048576K
}
Event: 4.886 GC heap before
{Heap before GC invocations=15 (full 2):
 PSYoungGen      total 23552K, used 23440K [0x00000000eab00000, 0x00000000ec680000, 0x0000000100000000)
  eden space 22528K, 100% used [0x00000000eab00000,0x00000000ec100000,0x00000000ec100000)
  from space 1024K, 89% used [0x00000000ec580000,0x00000000ec664010,0x00000000ec680000)
  to   space 1536K, 0% used [0x00000000ec380000,0x00000000ec380000,0x00000000ec500000)
 ParOldGen       total 68608K, used 16015K [0x00000000c0000000, 0x00000000c4300000, 0x00000000eab00000)
  object space 68608K, 23% used [0x00000000c0000000,0x00000000c0fa3da8,0x00000000c4300000)
 Metaspace       used 42179K, committed 43008K, reserved 1114112K
  class space    used 4378K, committed 4736K, reserved 1048576K
}
Event: 4.888 GC heap after
{Heap after GC invocations=15 (full 2):
 PSYoungGen      total 23552K, used 1517K [0x00000000eab00000, 0x00000000ec680000, 0x0000000100000000)
  eden space 22016K, 0% used [0x00000000eab00000,0x00000000eab00000,0x00000000ec080000)
  from space 1536K, 98% used [0x00000000ec380000,0x00000000ec4fb668,0x00000000ec500000)
  to   space 1536K, 0% used [0x00000000ec500000,0x00000000ec500000,0x00000000ec680000)
 ParOldGen       total 68608K, used 16925K [0x00000000c0000000, 0x00000000c4300000, 0x00000000eab00000)
  object space 68608K, 24% used [0x00000000c0000000,0x00000000c1087548,0x00000000c4300000)
 Metaspace       used 42179K, committed 43008K, reserved 1114112K
  class space    used 4378K, committed 4736K, reserved 1048576K
}
Event: 5.051 GC heap before
{Heap before GC invocations=16 (full 2):
 PSYoungGen      total 23552K, used 23533K [0x00000000eab00000, 0x00000000ec680000, 0x0000000100000000)
  eden space 22016K, 100% used [0x00000000eab00000,0x00000000ec080000,0x00000000ec080000)
  from space 1536K, 98% used [0x00000000ec380000,0x00000000ec4fb668,0x00000000ec500000)
  to   space 1536K, 0% used [0x00000000ec500000,0x00000000ec500000,0x00000000ec680000)
 ParOldGen       total 68608K, used 16925K [0x00000000c0000000, 0x00000000c4300000, 0x00000000eab00000)
  object space 68608K, 24% used [0x00000000c0000000,0x00000000c1087548,0x00000000c4300000)
 Metaspace       used 43552K, committed 44416K, reserved 1114112K
  class space    used 4556K, committed 4928K, reserved 1048576K
}
Event: 5.053 GC heap after
{Heap after GC invocations=16 (full 2):
 PSYoungGen      total 23040K, used 804K [0x00000000eab00000, 0x00000000ec600000, 0x0000000100000000)
  eden space 22016K, 0% used [0x00000000eab00000,0x00000000eab00000,0x00000000ec080000)
  from space 1024K, 78% used [0x00000000ec500000,0x00000000ec5c9278,0x00000000ec600000)
  to   space 1536K, 0% used [0x00000000ec300000,0x00000000ec300000,0x00000000ec480000)
 ParOldGen       total 68608K, used 18341K [0x00000000c0000000, 0x00000000c4300000, 0x00000000eab00000)
  object space 68608K, 26% used [0x00000000c0000000,0x00000000c11e9548,0x00000000c4300000)
 Metaspace       used 43552K, committed 44416K, reserved 1114112K
  class space    used 4556K, committed 4928K, reserved 1048576K
}
Event: 5.318 GC heap before
{Heap before GC invocations=17 (full 2):
 PSYoungGen      total 23040K, used 22820K [0x00000000eab00000, 0x00000000ec600000, 0x0000000100000000)
  eden space 22016K, 100% used [0x00000000eab00000,0x00000000ec080000,0x00000000ec080000)
  from space 1024K, 78% used [0x00000000ec500000,0x00000000ec5c9278,0x00000000ec600000)
  to   space 1536K, 0% used [0x00000000ec300000,0x00000000ec300000,0x00000000ec480000)
 ParOldGen       total 68608K, used 18341K [0x00000000c0000000, 0x00000000c4300000, 0x00000000eab00000)
  object space 68608K, 26% used [0x00000000c0000000,0x00000000c11e9548,0x00000000c4300000)
 Metaspace       used 46122K, committed 46976K, reserved 1114112K
  class space    used 4890K, committed 5248K, reserved 1048576K
}
Event: 5.319 GC heap after
{Heap after GC invocations=17 (full 2):
 PSYoungGen      total 23040K, used 1024K [0x00000000eab00000, 0x00000000ec580000, 0x0000000100000000)
  eden space 22016K, 0% used [0x00000000eab00000,0x00000000eab00000,0x00000000ec080000)
  from space 1024K, 100% used [0x00000000ec300000,0x00000000ec400000,0x00000000ec400000)
  to   space 1536K, 0% used [0x00000000ec400000,0x00000000ec400000,0x00000000ec580000)
 ParOldGen       total 68608K, used 19009K [0x00000000c0000000, 0x00000000c4300000, 0x00000000eab00000)
  object space 68608K, 27% used [0x00000000c0000000,0x00000000c12907c0,0x00000000c4300000)
 Metaspace       used 46122K, committed 46976K, reserved 1114112K
  class space    used 4890K, committed 5248K, reserved 1048576K
}
Event: 5.658 GC heap before
{Heap before GC invocations=18 (full 2):
 PSYoungGen      total 23040K, used 23040K [0x00000000eab00000, 0x00000000ec580000, 0x0000000100000000)
  eden space 22016K, 100% used [0x00000000eab00000,0x00000000ec080000,0x00000000ec080000)
  from space 1024K, 100% used [0x00000000ec300000,0x00000000ec400000,0x00000000ec400000)
  to   space 1536K, 0% used [0x00000000ec400000,0x00000000ec400000,0x00000000ec580000)
 ParOldGen       total 68608K, used 19009K [0x00000000c0000000, 0x00000000c4300000, 0x00000000eab00000)
  object space 68608K, 27% used [0x00000000c0000000,0x00000000c12907c0,0x00000000c4300000)
 Metaspace       used 48740K, committed 49664K, reserved 1114112K
  class space    used 5241K, committed 5632K, reserved 1048576K
}
Event: 5.660 GC heap after
{Heap after GC invocations=18 (full 2):
 PSYoungGen      total 23552K, used 1248K [0x00000000eab00000, 0x00000000ec580000, 0x0000000100000000)
  eden space 22016K, 0% used [0x00000000eab00000,0x00000000eab00000,0x00000000ec080000)
  from space 1536K, 81% used [0x00000000ec400000,0x00000000ec538000,0x00000000ec580000)
  to   space 1536K, 0% used [0x00000000ec280000,0x00000000ec280000,0x00000000ec400000)
 ParOldGen       total 68608K, used 19929K [0x00000000c0000000, 0x00000000c4300000, 0x00000000eab00000)
  object space 68608K, 29% used [0x00000000c0000000,0x00000000c13764c0,0x00000000c4300000)
 Metaspace       used 48740K, committed 49664K, reserved 1114112K
  class space    used 5241K, committed 5632K, reserved 1048576K
}

