# JRE version: OpenJDK Runtime Environment Temurin-17.0.10+7 (17.0.10+7) (build 17.0.10+7)
# Java VM: OpenJDK 64-Bit Server VM Temurin-17.0.10+7 (17.0.10+7, mixed mode, tiered, compressed oops, compressed class ptrs, parallel gc, windows-amd64)
GC Precious Log:
 CPUs: 8 total, 8 available
 Memory: 16383M
 Large Page Support: Disabled
 NUMA Support: Disabled
 Compressed Oops: Enabled (32-bit)
 Alignments: Space 512K, Generation 512K, Heap 2M
 Heap Min Capacity: 100M
 Heap Initial Capacity: 100M
 Heap Max Capacity: 1G
 Pre-touch: Disabled
 Parallel Workers: 8
Heap:
 PSYoungGen      total 23040K, used 16939K [0x00000000eab00000, 0x00000000ec280000, 0x0000000100000000)
  eden space 20480K, 82% used [0x00000000eab00000,0x00000000ebb8af70,0x00000000ebf00000)
  from space 2560K, 0% used [0x00000000ebf00000,0x00000000ebf00000,0x00000000ec180000)
  to   space 1024K, 0% used [0x00000000ec180000,0x00000000ec180000,0x00000000ec280000)
 ParOldGen       total 68608K, used 33862K [0x00000000c0000000, 0x00000000c4300000, 0x00000000eab00000)
  object space 68608K, 49% used [0x00000000c0000000,0x00000000c2111ad8,0x00000000c4300000)
 Metaspace       used 60276K, committed 61376K, reserved 1114112K
  class space    used 6468K, committed 6912K, reserved 1048576K
GC Heap History (20 events):
Event: 4.832 GC heap before
{Heap before GC invocations=25 (full 2):
 PSYoungGen      total 22016K, used 21956K [0x00000000eab00000, 0x00000000ec580000, 0x0000000100000000)
  eden space 20992K, 99% used [0x00000000eab00000,0x00000000ebf75950,0x00000000ebf80000)
  from space 1024K, 98% used [0x00000000ec200000,0x00000000ec2fb798,0x00000000ec300000)
  to   space 2560K, 0% used [0x00000000ebf80000,0x00000000ebf80000,0x00000000ec200000)
 ParOldGen       total 68608K, used 30421K [0x00000000c0000000, 0x00000000c4300000, 0x00000000eab00000)
  object space 68608K, 44% used [0x00000000c0000000,0x00000000c1db5650,0x00000000c4300000)
 Metaspace       used 47359K, committed 48320K, reserved 1114112K
  class space    used 4935K, committed 5312K, reserved 1048576K
}
Event: 4.834 GC heap after
{Heap after GC invocations=25 (full 2):
 PSYoungGen      total 21504K, used 480K [0x00000000eab00000, 0x00000000ec280000, 0x0000000100000000)
  eden space 20992K, 0% used [0x00000000eab00000,0x00000000eab00000,0x00000000ebf80000)
  from space 512K, 93% used [0x00000000ebf80000,0x00000000ebff8000,0x00000000ec000000)
  to   space 1536K, 0% used [0x00000000ec100000,0x00000000ec100000,0x00000000ec280000)
 ParOldGen       total 68608K, used 30876K [0x00000000c0000000, 0x00000000c4300000, 0x00000000eab00000)
  object space 68608K, 45% used [0x00000000c0000000,0x00000000c1e27210,0x00000000c4300000)
 Metaspace       used 47359K, committed 48320K, reserved 1114112K
  class space    used 4935K, committed 5312K, reserved 1048576K
}
Event: 4.984 GC heap before
{Heap before GC invocations=26 (full 2):
 PSYoungGen      total 21504K, used 21472K [0x00000000eab00000, 0x00000000ec280000, 0x0000000100000000)
  eden space 20992K, 100% used [0x00000000eab00000,0x00000000ebf80000,0x00000000ebf80000)
  from space 512K, 93% used [0x00000000ebf80000,0x00000000ebff8000,0x00000000ec000000)
  to   space 1536K, 0% used [0x00000000ec100000,0x00000000ec100000,0x00000000ec280000)
 ParOldGen       total 68608K, used 30876K [0x00000000c0000000, 0x00000000c4300000, 0x00000000eab00000)
  object space 68608K, 45% used [0x00000000c0000000,0x00000000c1e27210,0x00000000c4300000)
 Metaspace       used 48561K, committed 49536K, reserved 1114112K
  class space    used 5118K, committed 5504K, reserved 1048576K
}
Event: 4.986 GC heap after
{Heap after GC invocations=26 (full 2):
 PSYoungGen      total 21504K, used 448K [0x00000000eab00000, 0x00000000ec180000, 0x0000000100000000)
  eden space 20992K, 0% used [0x00000000eab00000,0x00000000eab00000,0x00000000ebf80000)
  from space 512K, 87% used [0x00000000ec100000,0x00000000ec170000,0x00000000ec180000)
  to   space 1024K, 0% used [0x00000000ebf80000,0x00000000ebf80000,0x00000000ec080000)
 ParOldGen       total 68608K, used 31180K [0x00000000c0000000, 0x00000000c4300000, 0x00000000eab00000)
  object space 68608K, 45% used [0x00000000c0000000,0x00000000c1e73210,0x00000000c4300000)
 Metaspace       used 48561K, committed 49536K, reserved 1114112K
  class space    used 5118K, committed 5504K, reserved 1048576K
}
Event: 5.213 GC heap before
{Heap before GC invocations=27 (full 2):
 PSYoungGen      total 21504K, used 21440K [0x00000000eab00000, 0x00000000ec180000, 0x0000000100000000)
  eden space 20992K, 100% used [0x00000000eab00000,0x00000000ebf80000,0x00000000ebf80000)
  from space 512K, 87% used [0x00000000ec100000,0x00000000ec170000,0x00000000ec180000)
  to   space 1024K, 0% used [0x00000000ebf80000,0x00000000ebf80000,0x00000000ec080000)
 ParOldGen       total 68608K, used 31180K [0x00000000c0000000, 0x00000000c4300000, 0x00000000eab00000)
  object space 68608K, 45% used [0x00000000c0000000,0x00000000c1e73210,0x00000000c4300000)
 Metaspace       used 50609K, committed 51648K, reserved 1114112K
  class space    used 5349K, committed 5760K, reserved 1048576K
}
Event: 5.215 GC heap after
{Heap after GC invocations=27 (full 2):
 PSYoungGen      total 22016K, used 704K [0x00000000eab00000, 0x00000000ec180000, 0x0000000100000000)
  eden space 20992K, 0% used [0x00000000eab00000,0x00000000eab00000,0x00000000ebf80000)
  from space 1024K, 68% used [0x00000000ebf80000,0x00000000ec030000,0x00000000ec080000)
  to   space 1024K, 0% used [0x00000000ec080000,0x00000000ec080000,0x00000000ec180000)
 ParOldGen       total 68608K, used 31532K [0x00000000c0000000, 0x00000000c4300000, 0x00000000eab00000)
  object space 68608K, 45% used [0x00000000c0000000,0x00000000c1ecb210,0x00000000c4300000)
 Metaspace       used 50609K, committed 51648K, reserved 1114112K
  class space    used 5349K, committed 5760K, reserved 1048576K
}
Event: 5.391 GC heap before
{Heap before GC invocations=28 (full 2):
 PSYoungGen      total 22016K, used 21696K [0x00000000eab00000, 0x00000000ec180000, 0x0000000100000000)
  eden space 20992K, 100% used [0x00000000eab00000,0x00000000ebf80000,0x00000000ebf80000)
  from space 1024K, 68% used [0x00000000ebf80000,0x00000000ec030000,0x00000000ec080000)
  to   space 1024K, 0% used [0x00000000ec080000,0x00000000ec080000,0x00000000ec180000)
 ParOldGen       total 68608K, used 31532K [0x00000000c0000000, 0x00000000c4300000, 0x00000000eab00000)
  object space 68608K, 45% used [0x00000000c0000000,0x00000000c1ecb210,0x00000000c4300000)
 Metaspace       used 52484K, committed 53440K, reserved 1114112K
  class space    used 5584K, committed 5952K, reserved 1048576K
}
Event: 5.392 GC heap after
{Heap after GC invocations=28 (full 2):
 PSYoungGen      total 21504K, used 1012K [0x00000000eab00000, 0x00000000ec280000, 0x0000000100000000)
  eden space 20480K, 0% used [0x00000000eab00000,0x00000000eab00000,0x00000000ebf00000)
  from space 1024K, 98% used [0x00000000ec080000,0x00000000ec17d3e8,0x00000000ec180000)
  to   space 1536K, 0% used [0x00000000ebf00000,0x00000000ebf00000,0x00000000ec080000)
 ParOldGen       total 68608K, used 32100K [0x00000000c0000000, 0x00000000c4300000, 0x00000000eab00000)
  object space 68608K, 46% used [0x00000000c0000000,0x00000000c1f59210,0x00000000c4300000)
 Metaspace       used 52484K, committed 53440K, reserved 1114112K
  class space    used 5584K, committed 5952K, reserved 1048576K
}
Event: 5.623 GC heap before
{Heap before GC invocations=29 (full 2):
 PSYoungGen      total 21504K, used 21492K [0x00000000eab00000, 0x00000000ec280000, 0x0000000100000000)
  eden space 20480K, 100% used [0x00000000eab00000,0x00000000ebf00000,0x00000000ebf00000)
  from space 1024K, 98% used [0x00000000ec080000,0x00000000ec17d3e8,0x00000000ec180000)
  to   space 1536K, 0% used [0x00000000ebf00000,0x00000000ebf00000,0x00000000ec080000)
 ParOldGen       total 68608K, used 32100K [0x00000000c0000000, 0x00000000c4300000, 0x00000000eab00000)
  object space 68608K, 46% used [0x00000000c0000000,0x00000000c1f59210,0x00000000c4300000)
 Metaspace       used 54433K, committed 55488K, reserved 1114112K
  class space    used 5824K, committed 6272K, reserved 1048576K
}
Event: 5.625 GC heap after
{Heap after GC invocations=29 (full 2):
 PSYoungGen      total 22016K, used 1525K [0x00000000eab00000, 0x00000000ec600000, 0x0000000100000000)
  eden space 20480K, 0% used [0x00000000eab00000,0x00000000eab00000,0x00000000ebf00000)
  from space 1536K, 99% used [0x00000000ebf00000,0x00000000ec07d740,0x00000000ec080000)
  to   space 3584K, 0% used [0x00000000ec280000,0x00000000ec280000,0x00000000ec600000)
 ParOldGen       total 68608K, used 33582K [0x00000000c0000000, 0x00000000c4300000, 0x00000000eab00000)
  object space 68608K, 48% used [0x00000000c0000000,0x00000000c20cb898,0x00000000c4300000)
 Metaspace       used 54433K, committed 55488K, reserved 1114112K
  class space    used 5824K, committed 6272K, reserved 1048576K
}
Event: 5.695 GC heap before
{Heap before GC invocations=30 (full 2):
 PSYoungGen      total 22016K, used 22005K [0x00000000eab00000, 0x00000000ec600000, 0x0000000100000000)
  eden space 20480K, 100% used [0x00000000eab00000,0x00000000ebf00000,0x00000000ebf00000)
  from space 1536K, 99% used [0x00000000ebf00000,0x00000000ec07d740,0x00000000ec080000)
  to   space 3584K, 0% used [0x00000000ec280000,0x00000000ec280000,0x00000000ec600000)
 ParOldGen       total 68608K, used 33582K [0x00000000c0000000, 0x00000000c4300000, 0x00000000eab00000)
  object space 68608K, 48% used [0x00000000c0000000,0x00000000c20cb898,0x00000000c4300000)
 Metaspace       used 54803K, committed 55872K, reserved 1114112K
  class space    used 5884K, committed 6336K, reserved 1048576K
}
Event: 5.697 GC heap after
{Heap after GC invocations=30 (full 2):
 PSYoungGen      total 21504K, used 985K [0x00000000eab00000, 0x00000000ec380000, 0x0000000100000000)
  eden space 20480K, 0% used [0x00000000eab00000,0x00000000eab00000,0x00000000ebf00000)
  from space 1024K, 96% used [0x00000000ec280000,0x00000000ec3765b0,0x00000000ec380000)
  to   space 2048K, 0% used [0x00000000ebf80000,0x00000000ebf80000,0x00000000ec180000)
 ParOldGen       total 68608K, used 35089K [0x00000000c0000000, 0x00000000c4300000, 0x00000000eab00000)
  object space 68608K, 51% used [0x00000000c0000000,0x00000000c2244598,0x00000000c4300000)
 Metaspace       used 54803K, committed 55872K, reserved 1114112K
  class space    used 5884K, committed 6336K, reserved 1048576K
}
Event: 5.770 GC heap before
{Heap before GC invocations=31 (full 2):
 PSYoungGen      total 21504K, used 21465K [0x00000000eab00000, 0x00000000ec380000, 0x0000000100000000)
  eden space 20480K, 100% used [0x00000000eab00000,0x00000000ebf00000,0x00000000ebf00000)
  from space 1024K, 96% used [0x00000000ec280000,0x00000000ec3765b0,0x00000000ec380000)
  to   space 2048K, 0% used [0x00000000ebf80000,0x00000000ebf80000,0x00000000ec180000)
 ParOldGen       total 68608K, used 35089K [0x00000000c0000000, 0x00000000c4300000, 0x00000000eab00000)
  object space 68608K, 51% used [0x00000000c0000000,0x00000000c2244598,0x00000000c4300000)
 Metaspace       used 55832K, committed 56896K, reserved 1114112K
  class space    used 5988K, committed 6400K, reserved 1048576K
}
Event: 5.771 GC heap after
{Heap after GC invocations=31 (full 2):
 PSYoungGen      total 22528K, used 352K [0x00000000eab00000, 0x00000000ec300000, 0x0000000100000000)
  eden space 20480K, 0% used [0x00000000eab00000,0x00000000eab00000,0x00000000ebf00000)
  from space 2048K, 17% used [0x00000000ebf80000,0x00000000ebfd8000,0x00000000ec180000)
  to   space 1024K, 0% used [0x00000000ec200000,0x00000000ec200000,0x00000000ec300000)
 ParOldGen       total 68608K, used 35249K [0x00000000c0000000, 0x00000000c4300000, 0x00000000eab00000)
  object space 68608K, 51% used [0x00000000c0000000,0x00000000c226c598,0x00000000c4300000)
 Metaspace       used 55832K, committed 56896K, reserved 1114112K
  class space    used 5988K, committed 6400K, reserved 1048576K
}
Event: 6.053 GC heap before
{Heap before GC invocations=32 (full 2):
 PSYoungGen      total 22528K, used 20832K [0x00000000eab00000, 0x00000000ec300000, 0x0000000100000000)
  eden space 20480K, 100% used [0x00000000eab00000,0x00000000ebf00000,0x00000000ebf00000)
  from space 2048K, 17% used [0x00000000ebf80000,0x00000000ebfd8000,0x00000000ec180000)
  to   space 1024K, 0% used [0x00000000ec200000,0x00000000ec200000,0x00000000ec300000)
 ParOldGen       total 68608K, used 35249K [0x00000000c0000000, 0x00000000c4300000, 0x00000000eab00000)
  object space 68608K, 51% used [0x00000000c0000000,0x00000000c226c598,0x00000000c4300000)
 Metaspace       used 58623K, committed 59648K, reserved 1114112K
  class space    used 6262K, committed 6656K, reserved 1048576K
}
Event: 6.055 GC heap after
{Heap after GC invocations=32 (full 2):
 PSYoungGen      total 21504K, used 1006K [0x00000000eab00000, 0x00000000ec400000, 0x0000000100000000)
  eden space 20480K, 0% used [0x00000000eab00000,0x00000000eab00000,0x00000000ebf00000)
  from space 1024K, 98% used [0x00000000ec200000,0x00000000ec2fb9e8,0x00000000ec300000)
  to   space 2560K, 0% used [0x00000000ebf00000,0x00000000ebf00000,0x00000000ec180000)
 ParOldGen       total 68608K, used 36184K [0x00000000c0000000, 0x00000000c4300000, 0x00000000eab00000)
  object space 68608K, 52% used [0x00000000c0000000,0x00000000c2356278,0x00000000c4300000)
 Metaspace       used 58623K, committed 59648K, reserved 1114112K
  class space    used 6262K, committed 6656K, reserved 1048576K
}
Event: 6.088 GC heap before
{Heap before GC invocations=33 (full 2):
 PSYoungGen      total 21504K, used 3317K [0x00000000eab00000, 0x00000000ec400000, 0x0000000100000000)
  eden space 20480K, 11% used [0x00000000eab00000,0x00000000ead41d60,0x00000000ebf00000)
  from space 1024K, 98% used [0x00000000ec200000,0x00000000ec2fb9e8,0x00000000ec300000)
  to   space 2560K, 0% used [0x00000000ebf00000,0x00000000ebf00000,0x00000000ec180000)
 ParOldGen       total 68608K, used 36184K [0x00000000c0000000, 0x00000000c4300000, 0x00000000eab00000)
  object space 68608K, 52% used [0x00000000c0000000,0x00000000c2356278,0x00000000c4300000)
 Metaspace       used 58768K, committed 59776K, reserved 1114112K
  class space    used 6275K, committed 6656K, reserved 1048576K
}
Event: 6.092 GC heap after
{Heap after GC invocations=33 (full 2):
 PSYoungGen      total 23040K, used 352K [0x00000000eab00000, 0x00000000ec280000, 0x0000000100000000)
  eden space 20480K, 0% used [0x00000000eab00000,0x00000000eab00000,0x00000000ebf00000)
  from space 2560K, 13% used [0x00000000ebf00000,0x00000000ebf583e8,0x00000000ec180000)
  to   space 1024K, 0% used [0x00000000ec180000,0x00000000ec180000,0x00000000ec280000)
 ParOldGen       total 68608K, used 37037K [0x00000000c0000000, 0x00000000c4300000, 0x00000000eab00000)
  object space 68608K, 53% used [0x00000000c0000000,0x00000000c242b558,0x00000000c4300000)
 Metaspace       used 58768K, committed 59776K, reserved 1114112K
  class space    used 6275K, committed 6656K, reserved 1048576K
}
Event: 6.092 GC heap before
{Heap before GC invocations=34 (full 3):
 PSYoungGen      total 23040K, used 352K [0x00000000eab00000, 0x00000000ec280000, 0x0000000100000000)
  eden space 20480K, 0% used [0x00000000eab00000,0x00000000eab00000,0x00000000ebf00000)
  from space 2560K, 13% used [0x00000000ebf00000,0x00000000ebf583e8,0x00000000ec180000)
  to   space 1024K, 0% used [0x00000000ec180000,0x00000000ec180000,0x00000000ec280000)
 ParOldGen       total 68608K, used 37037K [0x00000000c0000000, 0x00000000c4300000, 0x00000000eab00000)
  object space 68608K, 53% used [0x00000000c0000000,0x00000000c242b558,0x00000000c4300000)
 Metaspace       used 58768K, committed 59776K, reserved 1114112K
  class space    used 6275K, committed 6656K, reserved 1048576K
}
Event: 6.144 GC heap after
{Heap after GC invocations=34 (full 3):
 PSYoungGen      total 23040K, used 0K [0x00000000eab00000, 0x00000000ec280000, 0x0000000100000000)
  eden space 20480K, 0% used [0x00000000eab00000,0x00000000eab00000,0x00000000ebf00000)
  from space 2560K, 0% used [0x00000000ebf00000,0x00000000ebf00000,0x00000000ec180000)
  to   space 1024K, 0% used [0x00000000ec180000,0x00000000ec180000,0x00000000ec280000)
 ParOldGen       total 68608K, used 33862K [0x00000000c0000000, 0x00000000c4300000, 0x00000000eab00000)
  object space 68608K, 49% used [0x00000000c0000000,0x00000000c2111ad8,0x00000000c4300000)
 Metaspace       used 58768K, committed 59776K, reserved 1114112K
  class space    used 6275K, committed 6656K, reserved 1048576K
}

